<?xml version="1.0" encoding="UTF-8"?>
<testsuite name="com.sang.demo.ReTryDockerDecoApplicationTests" tests="1" skipped="0" failures="0" errors="0" timestamp="2023-12-19T07:35:14" hostname="sanghyunui-MacBookPro.local" time="0.746">
  <properties/>
  <testcase name="contextLoads()" classname="com.sang.demo.ReTryDockerDecoApplicationTests" time="0.746"/>
  <system-out><![CDATA[16:35:12.920 [Test worker] INFO org.springframework.test.context.support.AnnotationConfigContextLoaderUtils -- Could not detect default configuration classes for test class [com.sang.demo.ReTryDockerDecoApplicationTests]: ReTryDockerDecoApplicationTests does not declare any static, non-private, non-final, nested classes annotated with @Configuration.
16:35:12.996 [Test worker] INFO org.springframework.boot.test.context.SpringBootTestContextBootstrapper -- Found @SpringBootConfiguration com.sang.demo.ReTryDockerDecoApplication for test class com.sang.demo.ReTryDockerDecoApplicationTests

  .   ____          _            __ _ _
 /\\ / ___'_ __ _ _(_)_ __  __ _ \ \ \ \
( ( )\___ | '_ | '_| | '_ \/ _` | \ \ \ \
 \\/  ___)| |_)| | | | | || (_| |  ) ) ) )
  '  |____| .__|_| |_|_| |_\__, | / / / /
 =========|_|==============|___/=/_/_/_/
 :: Spring Boot ::                (v3.2.0)

2023-12-19T16:35:13.341+09:00  INFO 9602 --- [    Test worker] c.s.d.ReTryDockerDecoApplicationTests    : Starting ReTryDockerDecoApplicationTests using Java 21.0.1 with PID 9602 (started by sanghyun in /Users/sanghyun/Documents/GitHub/re-try-docker-demo)
2023-12-19T16:35:13.342+09:00  INFO 9602 --- [    Test worker] c.s.d.ReTryDockerDecoApplicationTests    : No active profile set, falling back to 1 default profile: "default"
2023-12-19T16:35:14.198+09:00  INFO 9602 --- [    Test worker] org.quartz.impl.StdSchedulerFactory      : Using default implementation for ThreadExecutor
2023-12-19T16:35:14.207+09:00  INFO 9602 --- [    Test worker] org.quartz.core.SchedulerSignalerImpl    : Initialized Scheduler Signaller of type: class org.quartz.core.SchedulerSignalerImpl
2023-12-19T16:35:14.208+09:00  INFO 9602 --- [    Test worker] org.quartz.core.QuartzScheduler          : Quartz Scheduler v.2.3.2 created.
2023-12-19T16:35:14.208+09:00  INFO 9602 --- [    Test worker] org.quartz.simpl.RAMJobStore             : RAMJobStore initialized.
2023-12-19T16:35:14.209+09:00  INFO 9602 --- [    Test worker] org.quartz.core.QuartzScheduler          : Scheduler meta-data: Quartz Scheduler (v2.3.2) 'quartzScheduler' with instanceId 'NON_CLUSTERED'
  Scheduler class: 'org.quartz.core.QuartzScheduler' - running locally.
  NOT STARTED.
  Currently in standby mode.
  Number of jobs executed: 0
  Using thread pool 'org.quartz.simpl.SimpleThreadPool' - with 10 threads.
  Using job-store 'org.quartz.simpl.RAMJobStore' - which does not support persistence. and is not clustered.

2023-12-19T16:35:14.209+09:00  INFO 9602 --- [    Test worker] org.quartz.impl.StdSchedulerFactory      : Quartz scheduler 'quartzScheduler' initialized from an externally provided properties instance.
2023-12-19T16:35:14.209+09:00  INFO 9602 --- [    Test worker] org.quartz.impl.StdSchedulerFactory      : Quartz scheduler version: 2.3.2
2023-12-19T16:35:14.209+09:00  INFO 9602 --- [    Test worker] org.quartz.core.QuartzScheduler          : JobFactory set to: org.springframework.scheduling.quartz.SpringBeanJobFactory@9f86dc3
2023-12-19T16:35:14.231+09:00  INFO 9602 --- [    Test worker] o.s.s.quartz.SchedulerFactoryBean        : Starting Quartz Scheduler now
2023-12-19T16:35:14.232+09:00  INFO 9602 --- [    Test worker] org.quartz.core.QuartzScheduler          : Scheduler quartzScheduler_$_NON_CLUSTERED started.
2023-12-19T16:35:14.244+09:00  INFO 9602 --- [    Test worker] c.s.d.ReTryDockerDecoApplicationTests    : Started ReTryDockerDecoApplicationTests in 1.135 seconds (process running for 2.141)
]]></system-out>
  <system-err><![CDATA[WARNING: A Java agent has been loaded dynamically (/Users/sanghyun/.gradle/caches/modules-2/files-2.1/net.bytebuddy/byte-buddy-agent/1.14.10/90ed94ac044ea8953b224304c762316e91fd6b31/byte-buddy-agent-1.14.10.jar)
WARNING: If a serviceability tool is in use, please run with -XX:+EnableDynamicAgentLoading to hide this warning
WARNING: If a serviceability tool is not in use, please run with -Djdk.instrument.traceUsage for more information
WARNING: Dynamic loading of agents will be disallowed by default in a future release
]]></system-err>
</testsuite>
